{
  "stats": {
    "suites": 1,
    "tests": 1,
    "passes": 1,
    "pending": 0,
    "failures": 0,
    "start": "2022-03-04T11:32:28.765Z",
    "end": "2022-03-04T11:34:56.781Z",
    "duration": 148016,
    "testsRegistered": 1,
    "passPercent": 100,
    "pendingPercent": 0,
    "other": 0,
    "hasOther": false,
    "skipped": 0,
    "hasSkipped": false
  },
  "results": [
    {
      "uuid": "d73b1116-43fe-40e2-b7c3-989ba7d4b81b",
      "title": "",
      "fullFile": "",
      "file": "",
      "beforeHooks": [],
      "afterHooks": [],
      "tests": [],
      "suites": [
        {
          "uuid": "c4de8c1b-5a42-43d7-b374-fc2f52a47496",
          "title": "End to end ecommerce validation",
          "fullFile": "",
          "file": "",
          "beforeHooks": [],
          "afterHooks": [],
          "tests": [
            {
              "title": "Ecommerce product search,filter and add to cart",
              "fullTitle": "End to end ecommerce validation Ecommerce product search,filter and add to cart",
              "timedOut": null,
              "duration": 73502,
              "state": "passed",
              "speed": "slow",
              "pass": true,
              "fail": false,
              "pending": false,
              "context": null,
              "code": "const state = window.testState;\nreturn cy\n  .then(() => state.onStartScenario(scenario, indexedSteps))\n  .then(() =>\n    resolveAndRunBeforeHooks.call(this, scenario.tags, state.feature.name)\n  )\n  .then(() =>\n    indexedSteps.forEach((step) =>\n      stepTest.call(this, state, step, rowData)\n    )\n  )\n  .then(() => state.onFinishScenario(scenario));",
              "err": {},
              "uuid": "1242ced5-18ed-42fc-b973-9ffedc6fe21c",
              "parentUUID": "c4de8c1b-5a42-43d7-b374-fc2f52a47496",
              "isHook": false,
              "skipped": false
            }
          ],
          "suites": [],
          "passes": [
            "1242ced5-18ed-42fc-b973-9ffedc6fe21c"
          ],
          "failures": [],
          "pending": [],
          "skipped": [],
          "duration": 73502,
          "root": false,
          "rootEmpty": false,
          "_timeout": 2000
        }
      ],
      "passes": [],
      "failures": [],
      "pending": [],
      "skipped": [],
      "duration": 0,
      "root": true,
      "rootEmpty": true,
      "_timeout": 2000
    }
  ],
  "meta": {
    "mocha": {
      "version": "7.0.1"
    },
    "mochawesome": {
      "options": {
        "quiet": false,
        "reportFilename": "mochawesome",
        "saveHtml": true,
        "saveJson": true,
        "consoleReporter": "spec",
        "useInlineDiffs": false,
        "code": true
      },
      "version": "7.1.0"
    },
    "marge": {
      "options": null,
      "version": "6.1.0"
    }
  }
}