{
  "stats": {
    "suites": 1,
    "tests": 1,
    "passes": 1,
    "pending": 0,
    "failures": 0,
    "start": "2022-03-04T06:44:40.516Z",
    "end": "2022-03-04T06:46:18.958Z",
    "duration": 98442,
    "testsRegistered": 1,
    "passPercent": 100,
    "pendingPercent": 0,
    "other": 0,
    "hasOther": false,
    "skipped": 0,
    "hasSkipped": false
  },
  "results": [
    {
      "uuid": "31a9a4ab-4c38-42c1-bc5a-1c159060405a",
      "title": "",
      "fullFile": "",
      "file": "",
      "beforeHooks": [],
      "afterHooks": [],
      "tests": [],
      "suites": [
        {
          "uuid": "f070dac5-b6b1-4b21-a73b-ba171c939f6a",
          "title": "Ecommerce Test",
          "fullFile": "",
          "file": "",
          "beforeHooks": [],
          "afterHooks": [],
          "tests": [
            {
              "title": "Searching,filtering and adding product",
              "fullTitle": "Ecommerce Test Searching,filtering and adding product",
              "timedOut": null,
              "duration": 92672,
              "state": "passed",
              "speed": "slow",
              "pass": true,
              "fail": false,
              "pending": false,
              "context": null,
              "code": "//creating object of HomePage,ProductPage and CartPage\nconst homePage = new _HomePage.default();\nconst productPage = new _ProductPage.default();\nconst cartPage = new _CartPage.default(); //accessing URL\ncy.visit(Cypress.env('url'));\nCypress.config('defaultCommandTimeout', 8000); //searching for shoes\nhomePage.getSearchBox().type(this.data.productname); //submitting the search\nhomePage.submitSearch().should('be.visible').click();\nCypress.config('defaultCommandWaitTimeout', 2000); //validating results to show only shows are searched by searching keywords as shoes\nhomePage.getSearchResult().should('contain', this.data.searchtext); //clicking on first filter as adidas\nhomePage.getFirstFilter().should('be.visible').click();\nCypress.config('defaultCommandWaitTimeout', 2000); //validating that checkbox containing adidas is selected\nhomePage.checkFirstFilter().should('contain', this.data.firstfilter); //clicking second filter as Men's Fashion\nhomePage.getSecondFilter().should('be.visible').click();\nCypress.config('defaultCommandWaitTimeout', 2000); //validating that Men's fassion filter is applied\nhomePage.checkSecondFilter().should('contain', this.data.secondfilter);\nCypress.config('defaultCommandWaitTimeout', 2000); //check that at least 48 items are shown\nhomePage.getResultCountOnOnePage().should('have.length.at.least', this.data.resultsonpage);\nCypress.config('defaultCommandWaitTimeout', 2000); //visting the specific product adidas Grand court black and white shoes\ncy.selectProduct(this.data.selectedproduct); //Select the size of the shoe as 10\nproductPage.getDropDown().should('be.visible').click();\nproductPage.selectSize().should('be.visible').click(); //Add the shoe to the cart\nproductPage.addToCart().should('be.visible').click();\nCypress.config('defaultCommandTimeout', 8000); //validating the product added to the cart is Adidas Mens shoes\nproductPage.getProductTitle().should('contain', this.data.producttitle);\nCypress.config('defaultCommandWaitTimeout', 2000); //validating the product added to the cart is Adidas Mens shoes\nproductPage.getProductTitle().should('contain', this.data.producttitle);\nCypress.config('defaultCommandWaitTimeout', 2000); //check that Alert shown as added as well as 1 item in the cart\nproductPage.getAlert().should('contain', this.data.alert);\nCypress.config('defaultCommandWaitTimeout', 2000); //selecting cart\ncy.selectCart(this.data.cart);\nCypress.config('defaultCommandTimeout', 8000); //validating the count on the cart\ncartPage.getCartCount().should('contain', this.data.cartcount);",
              "err": {},
              "uuid": "0af67803-60b0-45d3-822d-8750dcabb862",
              "parentUUID": "f070dac5-b6b1-4b21-a73b-ba171c939f6a",
              "isHook": false,
              "skipped": false
            }
          ],
          "suites": [],
          "passes": [
            "0af67803-60b0-45d3-822d-8750dcabb862"
          ],
          "failures": [],
          "pending": [],
          "skipped": [],
          "duration": 92672,
          "root": false,
          "rootEmpty": false,
          "_timeout": 2000
        }
      ],
      "passes": [],
      "failures": [],
      "pending": [],
      "skipped": [],
      "duration": 0,
      "root": true,
      "rootEmpty": true,
      "_timeout": 2000
    }
  ],
  "meta": {
    "mocha": {
      "version": "7.0.1"
    },
    "mochawesome": {
      "options": {
        "quiet": false,
        "reportFilename": "mochawesome",
        "saveHtml": true,
        "saveJson": true,
        "consoleReporter": "spec",
        "useInlineDiffs": false,
        "code": true
      },
      "version": "7.1.0"
    },
    "marge": {
      "options": null,
      "version": "6.1.0"
    }
  }
}